<?xml version="1.0" encoding="UTF-8"?>
<!-- Generated by org.testng.reporters.JUnitReportReporter -->
<testsuite hostname="DESKTOP-U9CK08G" failures="0" tests="1" name="com.Crm.testCases.TC_LoginPage_001" time="5.921" errors="0" timestamp="2023-10-08T12:50:10 IST" skipped="0">
  <testcase classname="com.Crm.testCases.TC_LoginPage_001" name="loginTest" time="5.921"/>
</testsuite> <!-- com.Crm.testCases.TC_LoginPage_001 -->
