<?xml version="1.0" encoding="UTF-8"?>
<!-- Generated by org.testng.reporters.JUnitReportReporter -->
<testsuite hostname="DESKTOP-U9CK08G" failures="0" tests="5" name="com.Crm.testCases.TC_LoginDDT_002" time="36.807" errors="0" timestamp="2023-10-10T16:59:55 IST" skipped="0">
  <testcase classname="com.Crm.testCases.TC_LoginDDT_002" name="loginDDT" time="6.360"/>
  <testcase classname="com.Crm.testCases.TC_LoginDDT_002" name="loginDDT" time="6.507"/>
  <testcase classname="com.Crm.testCases.TC_LoginDDT_002" name="loginDDT" time="6.355"/>
  <testcase classname="com.Crm.testCases.TC_LoginDDT_002" name="loginDDT" time="6.625"/>
  <testcase classname="com.Crm.testCases.TC_LoginDDT_002" name="loginDDT" time="10.960"/>
</testsuite> <!-- com.Crm.testCases.TC_LoginDDT_002 -->
