<?xml version="1.0" encoding="UTF-8"?>
<!-- Generated by org.testng.reporters.JUnitReportReporter -->
<testsuite hostname="DESKTOP-U9CK08G" failures="0" tests="1" name="com.Crm.testCases.TC_AddUser_003" time="25.719" errors="0" timestamp="2023-10-14T10:56:27 IST" skipped="0">
  <testcase classname="com.Crm.testCases.TC_AddUser_003" name="addUser" time="25.719"/>
</testsuite> <!-- com.Crm.testCases.TC_AddUser_003 -->
